Arguments: 
  C:\Program Files\nodejs\node.exe C:\Users\Shanks\AppData\Roaming\npm\node_modules\yarn\bin\yarn.js add coffeekraken-s-codemirrar-component --save

PATH: 
  C:\Program Files (x86)\Common Files\Oracle\Java\javapath;C:\Program Files (x86)\NVIDIA Corporation\PhysX\Common;C:\Windows\system32;C:\Windows;C:\Windows\System32\Wbem;C:\Windows\System32\WindowsPowerShell\v1.0\;C:\Program Files\Microsoft VS Code\bin;C:\Program Files\Git\cmd;C:\Program Files\dotnet\;C:\Program Files\Microsoft SQL Server\130\Tools\Binn\;C:\Program Files\Microsoft SQL Server\Client SDK\ODBC\130\Tools\Binn\;C:\Program Files (x86)\Microsoft SQL Server\140\Tools\Binn\;C:\Program Files\Microsoft SQL Server\140\Tools\Binn\;C:\Program Files\Microsoft SQL Server\140\DTS\Binn\;C:\Program Files (x86)\Microsoft SQL Server\Client SDK\ODBC\130\Tools\Binn\;C:\Program Files (x86)\Microsoft SQL Server\140\DTS\Binn\;C:\Program Files (x86)\Microsoft SQL Server\140\Tools\Binn\ManagementStudio\;C:\Program Files\nodejs\;C:\Users\Shanks\AppData\Roaming\npm;C:\Program Files\Git\bin;C:\Users\Shanks\AppData\Local\Microsoft\WindowsApps;C:\Program Files\Microsoft VS Code;C:\Program Files\Git\bin;C:\Program Files (x86)\Meld\bin;C:\Program Files\nodejs;C:\Users\Shanks\AppData\Roaming\npm;

Yarn version: 
  1.13.0

Node version: 
  11.6.0

Platform: 
  win32 x64

Trace: 
  Error: https://registry.yarnpkg.com/coffeekraken-s-codemirrar-component: Not found
      at Request.params.callback [as _callback] (C:\Users\Shanks\AppData\Roaming\npm\node_modules\yarn\lib\cli.js:66255:18)
      at Request.self.callback (C:\Users\Shanks\AppData\Roaming\npm\node_modules\yarn\lib\cli.js:129397:22)
      at Request.emit (events.js:188:13)
      at Request.<anonymous> (C:\Users\Shanks\AppData\Roaming\npm\node_modules\yarn\lib\cli.js:130369:10)
      at Request.emit (events.js:188:13)
      at IncomingMessage.<anonymous> (C:\Users\Shanks\AppData\Roaming\npm\node_modules\yarn\lib\cli.js:130291:12)
      at Object.onceWrapper (events.js:276:13)
      at IncomingMessage.emit (events.js:193:15)
      at endReadableNT (_stream_readable.js:1129:12)
      at process.internalTickCallback (internal/process/next_tick.js:72:19)

npm manifest: 
  No manifest

yarn manifest: 
  No manifest

Lockfile: 
  No lockfile
